<?xml version="1.0" encoding="UTF-8"?>
<testng-results ignored="0" total="2" passed="2" failed="0" skipped="0">
  <reporter-output>
  </reporter-output>
  <suite started-at="2024-07-13T14:56:06 IST" name="Default suite" finished-at="2024-07-13T14:56:09 IST" duration-ms="3272">
    <groups>
      <group name="testFanCodeUsersIdentification">
        <method signature="IdentifyFanCodeUsersTest.setup()[pri:0, instance:FC.FanCodeTest.IdentifyFanCodeUsersTest@3daa422a]" name="setup" class="FC.FanCodeTest.IdentifyFanCodeUsersTest"/>
      </group> <!-- testFanCodeUsersIdentification -->
    </groups>
    <test started-at="2024-07-13T14:56:06 IST" name="Default test" finished-at="2024-07-13T14:56:09 IST" duration-ms="3272">
      <class name="FC.FanCodeTest.FanCodeTodosTest">
        <test-method signature="testTodosForFanCodeUsers()[pri:1, instance:FC.FanCodeTest.FanCodeTodosTest@1139b2f3]" started-at="2024-07-13T14:56:09 IST" name="testTodosForFanCodeUsers" depends-on-groups="testFanCodeUsersIdentification" finished-at="2024-07-13T14:56:09 IST" duration-ms="227" status="PASS">
          <reporter-output>
          </reporter-output>
        </test-method> <!-- testTodosForFanCodeUsers -->
      </class> <!-- FC.FanCodeTest.FanCodeTodosTest -->
      <class name="FC.FanCodeTest.IdentifyFanCodeUsersTest">
        <test-method signature="setup()[pri:0, instance:FC.FanCodeTest.IdentifyFanCodeUsersTest@3daa422a]" started-at="2024-07-13T14:56:06 IST" name="setup" finished-at="2024-07-13T14:56:09 IST" duration-ms="3003" status="PASS">
          <reporter-output>
          </reporter-output>
        </test-method> <!-- setup -->
      </class> <!-- FC.FanCodeTest.IdentifyFanCodeUsersTest -->
    </test> <!-- Default test -->
  </suite> <!-- Default suite -->
</testng-results>
